#
# There is insufficient memory for the Java Runtime Environment to continue.
# Native memory allocation (malloc) failed to allocate 1720016 bytes for Chunk::new
# Possible reasons:
#   The system is out of physical RAM or swap space
#   In 32 bit mode, the process size limit was hit
# Possible solutions:
#   Reduce memory load on the system
#   Increase physical memory or swap space
#   Check if swap backing store is full
#   Use 64 bit Java on a 64 bit OS
#   Decrease Java heap size (-Xmx/-Xms)
#   Decrease number of Java threads
#   Decrease Java thread stack sizes (-Xss)
#   Set larger code cache with -XX:ReservedCodeCacheSize=
# This output file may be truncated or incomplete.
#
#  Out of Memory Error (allocation.cpp:390), pid=16900, tid=0x000000000000118c
#
# JRE version: Java(TM) SE Runtime Environment (8.0_152-b16) (build 1.8.0_152-b16)
# Java VM: Java HotSpot(TM) 64-Bit Server VM (25.152-b16 mixed mode windows-amd64 compressed oops)
# Failed to write core dump. Minidumps are not enabled by default on client versions of Windows
#

---------------  T H R E A D  ---------------

Current thread (0x000000001fb60000):  JavaThread "C2 CompilerThread2" daemon [_thread_in_native, id=4492, stack(0x000000001fff0000,0x00000000200f0000)]

Stack: [0x000000001fff0000,0x00000000200f0000]
[error occurred during error reporting (printing stack bounds), id 0xc0000005]

Native frames: (J=compiled Java code, j=interpreted, Vv=VM code, C=native code)


Current CompileTask:
C2:   7705 5244       4       org.springframework.core.ResolvableType::resolveClass (73 bytes)


---------------  P R O C E S S  ---------------

Java Threads: ( => current thread )
  0x0000000020990800 JavaThread "com.alibaba.nacos.naming.beat.sender" daemon [_thread_blocked, id=3484, stack(0x0000000032820000,0x0000000032920000)]
  0x0000000020990000 JavaThread "http-nio-9288-Acceptor" daemon [_thread_in_native, id=2648, stack(0x0000000032430000,0x0000000032530000)]
  0x000000002098f000 JavaThread "http-nio-9288-ClientPoller" daemon [_thread_in_native, id=13688, stack(0x0000000032330000,0x0000000032430000)]
  0x000000002098e800 JavaThread "http-nio-9288-exec-10" daemon [_thread_blocked, id=18536, stack(0x0000000032230000,0x0000000032330000)]
  0x0000000020987000 JavaThread "http-nio-9288-exec-9" daemon [_thread_blocked, id=20448, stack(0x0000000032130000,0x0000000032230000)]
  0x000000002098d800 JavaThread "http-nio-9288-exec-8" daemon [_thread_blocked, id=7064, stack(0x0000000032030000,0x0000000032130000)]
  0x000000002098d000 JavaThread "http-nio-9288-exec-7" daemon [_thread_blocked, id=19200, stack(0x0000000031f30000,0x0000000032030000)]
  0x000000002098c000 JavaThread "http-nio-9288-exec-6" daemon [_thread_blocked, id=19688, stack(0x0000000031e30000,0x0000000031f30000)]
  0x0000000020984800 JavaThread "http-nio-9288-exec-5" daemon [_thread_blocked, id=14728, stack(0x0000000031d30000,0x0000000031e30000)]
  0x0000000020989000 JavaThread "http-nio-9288-exec-4" daemon [_thread_blocked, id=14620, stack(0x0000000031c30000,0x0000000031d30000)]
  0x000000002098a000 JavaThread "http-nio-9288-exec-3" daemon [_thread_blocked, id=12268, stack(0x0000000031b30000,0x0000000031c30000)]
  0x0000000020988800 JavaThread "http-nio-9288-exec-2" daemon [_thread_blocked, id=1500, stack(0x0000000031a30000,0x0000000031b30000)]
  0x0000000020986000 JavaThread "http-nio-9288-exec-1" daemon [_thread_blocked, id=17672, stack(0x0000000031930000,0x0000000031a30000)]
  0x000000002098b800 JavaThread "http-nio-9288-BlockPoller" daemon [_thread_in_native, id=2176, stack(0x0000000031830000,0x0000000031930000)]
  0x0000000020984000 JavaThread "Nacos-Watch-Task-Scheduler-1" [_thread_blocked, id=10340, stack(0x000000002ce40000,0x000000002cf40000)]
  0x000000002098a800 JavaThread "com.alibaba.nacos.client.naming.updater" daemon [_thread_blocked, id=19020, stack(0x000000002cd40000,0x000000002ce40000)]
  0x0000000020985800 JavaThread "nacos.publisher-com.alibaba.nacos.client.naming.event.InstancesChangeEvent" daemon [_thread_blocked, id=19064, stack(0x000000002d980000,0x000000002da80000)]
  0x0000000020987800 JavaThread "nacos.publisher-com.alibaba.nacos.common.notify.SlowEvent" daemon [_thread_blocked, id=10548, stack(0x000000002d880000,0x000000002d980000)]
  0x0000000021be3000 JavaThread "com.alibaba.nacos.naming.push.receiver" daemon [_thread_in_native, id=16392, stack(0x000000002d640000,0x000000002d740000)]
  0x0000000021be2000 JavaThread "com.alibaba.nacos.naming.failover" daemon [_thread_blocked, id=20428, stack(0x000000002d440000,0x000000002d540000)]
  0x0000000021be1800 JavaThread "com.alibaba.nacos.client.naming.updater" daemon [_thread_blocked, id=2472, stack(0x000000002d110000,0x000000002d210000)]
  0x0000000021be0800 JavaThread "com.alibaba.nacos.client.naming.updater" daemon [_thread_blocked, id=11336, stack(0x000000002d010000,0x000000002d110000)]
  0x0000000021bdc800 JavaThread "spring.cloud.inetutils" daemon [_thread_blocked, id=4768, stack(0x000000002d780000,0x000000002d880000)]
  0x0000000021bdf800 JavaThread "nioEventLoopGroup-6-1" [_thread_in_native, id=5248, stack(0x000000002cc40000,0x000000002cd40000)]
  0x0000000021bde000 JavaThread "xxl-job, executor ExecutorRegistryThread" daemon [_thread_blocked, id=17840, stack(0x000000002cb40000,0x000000002cc40000)]
  0x0000000021bdc000 JavaThread "nioEventLoopGroup-4-1" [_thread_in_native, id=20256, stack(0x000000002c1d0000,0x000000002c2d0000)]
  0x0000000021bdf000 JavaThread "Thread-9" daemon [_thread_blocked, id=14436, stack(0x0000000027990000,0x0000000027a90000)]
  0x000000002440d000 JavaThread "Thread-8" daemon [_thread_blocked, id=18216, stack(0x0000000027670000,0x0000000027770000)]
  0x000000002440c800 JavaThread "xxl-job, executor TriggerCallbackThread" daemon [_thread_blocked, id=6460, stack(0x0000000024960000,0x0000000024a60000)]
  0x000000002440e800 JavaThread "container-0" [_thread_blocked, id=18772, stack(0x0000000027890000,0x0000000027990000)]
  0x000000002440e000 JavaThread "Catalina-utility-2" [_thread_blocked, id=12060, stack(0x0000000027790000,0x0000000027890000)]
  0x0000000024413000 JavaThread "Catalina-utility-1" [_thread_blocked, id=10588, stack(0x0000000025f90000,0x0000000026090000)]
  0x0000000024410000 JavaThread "Keep-Alive-Timer" daemon [_thread_blocked, id=6792, stack(0x0000000024760000,0x0000000024860000)]
  0x0000000024412800 JavaThread "com.alibaba.nacos.client.Worker.fixed-dev-nacos.iguming.net_8848-585c2892-3945-4061-af88-e077fc64f33b" daemon [_thread_blocked, id=8464, stack(0x0000000025c90000,0x0000000025d90000)]
  0x000000002440f800 JavaThread "com.alibaba.nacos.client.config.security.updater" daemon [_thread_blocked, id=10804, stack(0x0000000024b40000,0x0000000024c40000)]
  0x0000000024411800 JavaThread "com.alibaba.nacos.client.identify.watcher.0" daemon [_thread_blocked, id=16072, stack(0x0000000022d40000,0x0000000022e40000)]
  0x000000001fc10800 JavaThread "Service Thread" daemon [_thread_blocked, id=7544, stack(0x00000000201f0000,0x00000000202f0000)]
  0x000000001fb80800 JavaThread "C1 CompilerThread3" daemon [_thread_blocked, id=6976, stack(0x00000000200f0000,0x00000000201f0000)]
=>0x000000001fb60000 JavaThread "C2 CompilerThread2" daemon [_thread_in_native, id=4492, stack(0x000000001fff0000,0x00000000200f0000)]
  0x000000001fb5f800 JavaThread "C2 CompilerThread1" daemon [_thread_in_native, id=17964, stack(0x000000001fef0000,0x000000001fff0000)]
  0x000000001fad8000 JavaThread "C2 CompilerThread0" daemon [_thread_in_native, id=15920, stack(0x000000001fdf0000,0x000000001fef0000)]
  0x000000001ec4e000 JavaThread "JDWP Command Reader" daemon [_thread_in_native, id=20008, stack(0x000000001f4f0000,0x000000001f5f0000)]
  0x000000001ec43000 JavaThread "JDWP Event Helper Thread" daemon [_thread_blocked, id=12192, stack(0x000000001f3f0000,0x000000001f4f0000)]
  0x000000001ec40800 JavaThread "JDWP Transport Listener: dt_socket" daemon [_thread_blocked, id=1280, stack(0x000000001f2f0000,0x000000001f3f0000)]
  0x000000001ebd1800 JavaThread "Attach Listener" daemon [_thread_blocked, id=7988, stack(0x000000001f1f0000,0x000000001f2f0000)]
  0x000000001ec2b000 JavaThread "Signal Dispatcher" daemon [_thread_blocked, id=15208, stack(0x000000001f0f0000,0x000000001f1f0000)]
  0x000000001cca8000 JavaThread "Finalizer" daemon [_thread_blocked, id=15056, stack(0x000000001ef90000,0x000000001f090000)]
  0x000000001cca1000 JavaThread "Reference Handler" daemon [_thread_blocked, id=15976, stack(0x000000001ea90000,0x000000001eb90000)]
  0x000000000313d000 JavaThread "main" [_thread_in_native, id=12740, stack(0x0000000003030000,0x0000000003130000)]

Other Threads:
  0x000000001cc98800 VMThread [stack: 0x000000001e990000,0x000000001ea90000] [id=20312]
  0x000000001fc5b800 WatcherThread [stack: 0x00000000202f0000,0x00000000203f0000] [id=6836]

VM state:not at safepoint (normal execution)

VM Mutex/Monitor currently owned by a thread: None

Heap:
 PSYoungGen      total 200704K, used 16185K [0x000000076bd00000, 0x0000000778d80000, 0x00000007c0000000)
  eden space 188416K, 8% used [0x000000076bd00000,0x000000076ccce720,0x0000000777500000)
  from space 12288K, 0% used [0x0000000777500000,0x0000000777500000,0x0000000778100000)
  to   space 10752K, 0% used [0x0000000778100000,0x0000000778100000,0x0000000778b80000)
 ParOldGen       total 167936K, used 28187K [0x00000006c3600000, 0x00000006cda00000, 0x000000076bd00000)
  object space 167936K, 16% used [0x00000006c3600000,0x00000006c5186c08,0x00000006cda00000)
 Metaspace       used 57119K, capacity 59506K, committed 59668K, reserved 1101824K
  class space    used 7287K, capacity 7703K, committed 7808K, reserved 1048576K

Card table byte_map: [0x0000000012730000,0x0000000012f20000] byte_map_base: 0x000000000f115000

Marking Bits: (ParMarkBitMap*) 0x00000000595a0860
 Begin Bits: [0x0000000013c70000, 0x0000000017b98000)
 End Bits:   [0x0000000017b98000, 0x000000001bac0000)

Polling page: 0x00000000011f0000

CodeCache: size=245760Kb used=17507Kb max_used=17737Kb free=228252Kb
 bounds [0x0000000003370000, 0x00000000044e0000, 0x0000000012370000]
 total_blobs=5167 nmethods=4548 adapters=538
 compilation: enabled

Compilation events (10 events):
Event: 7.558 Thread 0x000000001fb60000 nmethod 5255 0x00000000038b8e90 code [0x00000000038b9040, 0x00000000038b9748]
Event: 7.559 Thread 0x000000001fb60000 5244       4       org.springframework.core.ResolvableType::resolveClass (73 bytes)
Event: 7.563 Thread 0x000000001fb80800 5276       3       java.lang.Integer::parseInt (7 bytes)
Event: 7.563 Thread 0x000000001fb80800 nmethod 5276 0x00000000035a3d90 code [0x00000000035a3f00, 0x00000000035a4088]
Event: 7.563 Thread 0x000000001fb80800 5278   !   3       java.text.SimpleDateFormat::zeroPaddingNumber (270 bytes)
Event: 7.566 Thread 0x000000001fb80800 nmethod 5278 0x000000000422cad0 code [0x000000000422d060, 0x00000000042317f8]
Event: 7.566 Thread 0x000000001fb80800 5279       2       org.springframework.util.ClassUtils::isAssignable (84 bytes)
Event: 7.566 Thread 0x000000001fb80800 nmethod 5279 0x000000000383c550 code [0x000000000383c720, 0x000000000383cb68]
Event: 7.566 Thread 0x000000001fb80800 5277       3       sun.nio.cs.UTF_8$Decoder::decodeLoop (28 bytes)
Event: 7.567 Thread 0x000000001fb80800 nmethod 5277 0x0000000003fdc110 code [0x0000000003fdc2a0, 0x0000000003fdc818]

GC Heap History (10 events):
Event: 3.787 GC heap before
{Heap before GC invocations=8 (full 2):
 PSYoungGen      total 142848K, used 9505K [0x000000076bd00000, 0x0000000778400000, 0x00000007c0000000)
  eden space 133120K, 0% used [0x000000076bd00000,0x000000076bd00000,0x0000000773f00000)
  from space 9728K, 97% used [0x0000000774900000,0x0000000775248498,0x0000000775280000)
  to   space 10240K, 0% used [0x0000000773f00000,0x0000000773f00000,0x0000000774900000)
 ParOldGen       total 107008K, used 8123K [0x00000006c3600000, 0x00000006c9e80000, 0x000000076bd00000)
  object space 107008K, 7% used [0x00000006c3600000,0x00000006c3deed68,0x00000006c9e80000)
 Metaspace       used 34093K, capacity 35308K, committed 35416K, reserved 1081344K
  class space    used 4307K, capacity 4562K, committed 4608K, reserved 1048576K
Event: 3.815 GC heap after
Heap after GC invocations=8 (full 2):
 PSYoungGen      total 142848K, used 0K [0x000000076bd00000, 0x0000000778400000, 0x00000007c0000000)
  eden space 133120K, 0% used [0x000000076bd00000,0x000000076bd00000,0x0000000773f00000)
  from space 9728K, 0% used [0x0000000774900000,0x0000000774900000,0x0000000775280000)
  to   space 10240K, 0% used [0x0000000773f00000,0x0000000773f00000,0x0000000774900000)
 ParOldGen       total 167936K, used 14226K [0x00000006c3600000, 0x00000006cda00000, 0x000000076bd00000)
  object space 167936K, 8% used [0x00000006c3600000,0x00000006c43e4b18,0x00000006cda00000)
 Metaspace       used 34093K, capacity 35308K, committed 35416K, reserved 1081344K
  class space    used 4307K, capacity 4562K, committed 4608K, reserved 1048576K
}
Event: 4.884 GC heap before
{Heap before GC invocations=9 (full 2):
 PSYoungGen      total 142848K, used 133120K [0x000000076bd00000, 0x0000000778400000, 0x00000007c0000000)
  eden space 133120K, 100% used [0x000000076bd00000,0x0000000773f00000,0x0000000773f00000)
  from space 9728K, 0% used [0x0000000774900000,0x0000000774900000,0x0000000775280000)
  to   space 10240K, 0% used [0x0000000773f00000,0x0000000773f00000,0x0000000774900000)
 ParOldGen       total 167936K, used 14226K [0x00000006c3600000, 0x00000006cda00000, 0x000000076bd00000)
  object space 167936K, 8% used [0x00000006c3600000,0x00000006c43e4b18,0x00000006cda00000)
 Metaspace       used 42209K, capacity 44102K, committed 44416K, reserved 1087488K
  class space    used 5321K, capacity 5657K, committed 5760K, reserved 1048576K
Event: 4.892 GC heap after
Heap after GC invocations=9 (full 2):
 PSYoungGen      total 143360K, used 9982K [0x000000076bd00000, 0x0000000778b80000, 0x00000007c0000000)
  eden space 133120K, 0% used [0x000000076bd00000,0x000000076bd00000,0x0000000773f00000)
  from space 10240K, 97% used [0x0000000773f00000,0x00000007748bf928,0x0000000774900000)
  to   space 10752K, 0% used [0x0000000778100000,0x0000000778100000,0x0000000778b80000)
 ParOldGen       total 167936K, used 14234K [0x00000006c3600000, 0x00000006cda00000, 0x000000076bd00000)
  object space 167936K, 8% used [0x00000006c3600000,0x00000006c43e6b18,0x00000006cda00000)
 Metaspace       used 42209K, capacity 44102K, committed 44416K, reserved 1087488K
  class space    used 5321K, capacity 5657K, committed 5760K, reserved 1048576K
}
Event: 5.740 GC heap before
{Heap before GC invocations=10 (full 2):
 PSYoungGen      total 143360K, used 143102K [0x000000076bd00000, 0x0000000778b80000, 0x00000007c0000000)
  eden space 133120K, 100% used [0x000000076bd00000,0x0000000773f00000,0x0000000773f00000)
  from space 10240K, 97% used [0x0000000773f00000,0x00000007748bf928,0x0000000774900000)
  to   space 10752K, 0% used [0x0000000778100000,0x0000000778100000,0x0000000778b80000)
 ParOldGen       total 167936K, used 14234K [0x00000006c3600000, 0x00000006cda00000, 0x000000076bd00000)
  object space 167936K, 8% used [0x00000006c3600000,0x00000006c43e6b18,0x00000006cda00000)
 Metaspace       used 49016K, capacity 51082K, committed 51200K, reserved 1093632K
  class space    used 6220K, capacity 6619K, committed 6656K, reserved 1048576K
Event: 5.747 GC heap after
Heap after GC invocations=10 (full 2):
 PSYoungGen      total 199168K, used 10739K [0x000000076bd00000, 0x0000000778d80000, 0x00000007c0000000)
  eden space 188416K, 0% used [0x000000076bd00000,0x000000076bd00000,0x0000000777500000)
  from space 10752K, 99% used [0x0000000778100000,0x0000000778b7cde0,0x0000000778b80000)
  to   space 12288K, 0% used [0x0000000777500000,0x0000000777500000,0x0000000778100000)
 ParOldGen       total 167936K, used 15720K [0x00000006c3600000, 0x00000006cda00000, 0x000000076bd00000)
  object space 167936K, 9% used [0x00000006c3600000,0x00000006c455a200,0x00000006cda00000)
 Metaspace       used 49016K, capacity 51082K, committed 51200K, reserved 1093632K
  class space    used 6220K, capacity 6619K, committed 6656K, reserved 1048576K
}
Event: 7.312 GC heap before
{Heap before GC invocations=11 (full 2):
 PSYoungGen      total 199168K, used 158392K [0x000000076bd00000, 0x0000000778d80000, 0x00000007c0000000)
  eden space 188416K, 78% used [0x000000076bd00000,0x0000000774d312a8,0x0000000777500000)
  from space 10752K, 99% used [0x0000000778100000,0x0000000778b7cde0,0x0000000778b80000)
  to   space 12288K, 0% used [0x0000000777500000,0x0000000777500000,0x0000000778100000)
 ParOldGen       total 167936K, used 15720K [0x00000006c3600000, 0x00000006cda00000, 0x000000076bd00000)
  object space 167936K, 9% used [0x00000006c3600000,0x00000006c455a200,0x00000006cda00000)
 Metaspace       used 56569K, capacity 58956K, committed 59028K, reserved 1101824K
  class space    used 7201K, capacity 7630K, committed 7680K, reserved 1048576K
Event: 7.323 GC heap after
Heap after GC invocations=11 (full 2):
 PSYoungGen      total 200704K, used 12257K [0x000000076bd00000, 0x0000000778d80000, 0x00000007c0000000)
  eden space 188416K, 0% used [0x000000076bd00000,0x000000076bd00000,0x0000000777500000)
  from space 12288K, 99% used [0x0000000777500000,0x00000007780f84e0,0x0000000778100000)
  to   space 10752K, 0% used [0x0000000778100000,0x0000000778100000,0x0000000778b80000)
 ParOldGen       total 167936K, used 21584K [0x00000006c3600000, 0x00000006cda00000, 0x000000076bd00000)
  object space 167936K, 12% used [0x00000006c3600000,0x00000006c4b14080,0x00000006cda00000)
 Metaspace       used 56569K, capacity 58956K, committed 59028K, reserved 1101824K
  class space    used 7201K, capacity 7630K, committed 7680K, reserved 1048576K
}
Event: 7.323 GC heap before
{Heap before GC invocations=12 (full 3):
 PSYoungGen      total 200704K, used 12257K [0x000000076bd00000, 0x0000000778d80000, 0x00000007c0000000)
  eden space 188416K, 0% used [0x000000076bd00000,0x000000076bd00000,0x0000000777500000)
  from space 12288K, 99% used [0x0000000777500000,0x00000007780f84e0,0x0000000778100000)
  to   space 10752K, 0% used [0x0000000778100000,0x0000000778100000,0x0000000778b80000)
 ParOldGen       total 167936K, used 21584K [0x00000006c3600000, 0x00000006cda00000, 0x000000076bd00000)
  object space 167936K, 12% used [0x00000006c3600000,0x00000006c4b14080,0x00000006cda00000)
 Metaspace       used 56569K, capacity 58956K, committed 59028K, reserved 1101824K
  class space    used 7201K, capacity 7630K, committed 7680K, reserved 1048576K
Event: 7.435 GC heap after
Heap after GC invocations=12 (full 3):
 PSYoungGen      total 200704K, used 0K [0x000000076bd00000, 0x0000000778d80000, 0x00000007c0000000)
  eden space 188416K, 0% used [0x000000076bd00000,0x000000076bd00000,0x0000000777500000)
  from space 12288K, 0% used [0x0000000777500000,0x0000000777500000,0x0000000778100000)
  to   space 10752K, 0% used [0x0000000778100000,0x0000000778100000,0x0000000778b80000)
 ParOldGen       total 167936K, used 28187K [0x00000006c3600000, 0x00000006cda00000, 0x000000076bd00000)
  object space 167936K, 16% used [0x00000006c3600000,0x00000006c5186c08,0x00000006cda00000)
 Metaspace       used 56569K, capacity 58956K, committed 59028K, reserved 1101824K
  class space    used 7201K, capacity 7630K, committed 7680K, reserved 1048576K
}

Deoptimization events (10 events):
Event: 6.888 Thread 0x000000000313d000 Uncommon trap: reason=unstable_if action=reinterpret pc=0x0000000003790348 method=java.util.concurrent.ConcurrentHashMap.transfer([Ljava/util/concurrent/ConcurrentHashMap$Node;[Ljava/util/concurrent/ConcurrentHashMap$Node;)V @ 356
Event: 7.211 Thread 0x000000000313d000 Uncommon trap: reason=class_check action=maybe_recompile pc=0x00000000043c958c method=org.springframework.core.annotation.AnnotationsScanner.processMethodAnnotations(Ljava/lang/Object;ILjava/lang/reflect/Method;Lorg/springframework/core/annotation/Annotat
Event: 7.211 Thread 0x000000000313d000 Uncommon trap: reason=class_check action=maybe_recompile pc=0x00000000043c958c method=org.springframework.core.annotation.AnnotationsScanner.processMethodAnnotations(Ljava/lang/Object;ILjava/lang/reflect/Method;Lorg/springframework/core/annotation/Annotat
Event: 7.212 Thread 0x000000000313d000 Uncommon trap: reason=class_check action=maybe_recompile pc=0x00000000043c958c method=org.springframework.core.annotation.AnnotationsScanner.processMethodAnnotations(Ljava/lang/Object;ILjava/lang/reflect/Method;Lorg/springframework/core/annotation/Annotat
Event: 7.214 Thread 0x000000000313d000 Uncommon trap: reason=class_check action=maybe_recompile pc=0x00000000043c958c method=org.springframework.core.annotation.AnnotationsScanner.processMethodAnnotations(Ljava/lang/Object;ILjava/lang/reflect/Method;Lorg/springframework/core/annotation/Annotat
Event: 7.218 Thread 0x000000000313d000 Uncommon trap: reason=class_check action=maybe_recompile pc=0x000000000442f9fc method=org.springframework.core.annotation.AnnotationsScanner.processMethodAnnotations(Ljava/lang/Object;ILjava/lang/reflect/Method;Lorg/springframework/core/annotation/Annotat
Event: 7.237 Thread 0x000000000313d000 Uncommon trap: reason=unstable_if action=reinterpret pc=0x000000000405786c method=java.util.Arrays.sort([Ljava/lang/Object;IILjava/util/Comparator;)V @ 1
Event: 7.243 Thread 0x000000000313d000 Uncommon trap: reason=unstable_if action=reinterpret pc=0x000000000365776c method=java.lang.AbstractStringBuilder.append(Ljava/lang/String;)Ljava/lang/AbstractStringBuilder; @ 1
Event: 7.243 Thread 0x000000000313d000 Uncommon trap: reason=unstable_if action=reinterpret pc=0x00000000035c9124 method=java.lang.AbstractStringBuilder.append(Ljava/lang/String;)Ljava/lang/AbstractStringBuilder; @ 1
Event: 7.540 Thread 0x000000000313d000 Uncommon trap: reason=null_check action=make_not_entrant pc=0x0000000003d63f50 method=org.springframework.util.ClassUtils.isAssignable(Ljava/lang/Class;Ljava/lang/Class;)Z @ 14

Classes redefined (0 events):
No events

Internal exceptions (10 events):
Event: 6.860 Thread 0x000000000313d000 Exception <a 'java/lang/ClassNotFoundException': org/springframework/data/keyvalue/core/KeyValueAdapterCustomizer> (0x0000000773138030) thrown at [C:\re\workspace\8-2-build-windows-amd64-cygwin\jdk8u152\9742\hotspot\src\share\vm\classfile\systemDictionary
Event: 6.861 Thread 0x000000000313d000 Exception <a 'java/lang/ClassNotFoundException': org/springframework/beans/factory/DisposableBeanCustomizer> (0x0000000773176c98) thrown at [C:\re\workspace\8-2-build-windows-amd64-cygwin\jdk8u152\9742\hotspot\src\share\vm\classfile\systemDictionary.cpp, 
Event: 6.900 Thread 0x000000000313d000 Exception <a 'java/lang/ClassNotFoundException': java/lang/ObjectCustomizer> (0x0000000773593a18) thrown at [C:\re\workspace\8-2-build-windows-amd64-cygwin\jdk8u152\9742\hotspot\src\share\vm\classfile\systemDictionary.cpp, line 210]
Event: 6.901 Thread 0x000000000313d000 Exception <a 'java/lang/ClassNotFoundException': org/springframework/cloud/client/discovery/simple/SimpleDiscoveryClientAutoConfigurationCustomizer> (0x00000007735db620) thrown at [C:\re\workspace\8-2-build-windows-amd64-cygwin\jdk8u152\9742\hotspot\src\s
Event: 6.903 Thread 0x000000000313d000 Exception <a 'java/lang/ClassNotFoundException': org/springframework/context/ApplicationListenerCustomizer> (0x0000000773612c88) thrown at [C:\re\workspace\8-2-build-windows-amd64-cygwin\jdk8u152\9742\hotspot\src\share\vm\classfile\systemDictionary.cpp, l
Event: 6.903 Thread 0x000000000313d000 Exception <a 'java/lang/ClassNotFoundException': java/util/EventListenerCustomizer> (0x0000000773623458) thrown at [C:\re\workspace\8-2-build-windows-amd64-cygwin\jdk8u152\9742\hotspot\src\share\vm\classfile\systemDictionary.cpp, line 210]
Event: 7.243 Thread 0x000000000313d000 Implicit null exception at 0x0000000003657259 to 0x0000000003657751
Event: 7.243 Thread 0x000000000313d000 Implicit null exception at 0x00000000035c8c56 to 0x00000000035c910d
Event: 7.538 Thread 0x000000000313d000 Exception <a 'java/lang/ClassNotFoundException': java/lang/ObjectCustomizer> (0x000000076c9e1580) thrown at [C:\re\workspace\8-2-build-windows-amd64-cygwin\jdk8u152\9742\hotspot\src\share\vm\classfile\systemDictionary.cpp, line 210]
Event: 7.539 Thread 0x000000000313d000 Exception <a 'java/lang/ClassNotFoundException': com/alibaba/cloud/nacos/NacosDiscoveryPropertiesCustomizer> (0x000000076ca12370) thrown at [C:\re\workspace\8-2-build-windows-amd64-cygwin\jdk8u152\9742\hotspot\src\share\vm\classfile\systemDictionary.cpp, 

Events (10 events):
Event: 7.553 Thread 0x000000001fb60000 flushing nmethod 0x000000000400c650
Event: 7.558 Thread 0x000000001fb60000 flushing nmethod 0x000000000407c050
Event: 7.558 Thread 0x000000001fb60000 flushing nmethod 0x00000000040af390
Event: 7.559 Thread 0x000000001fb60000 flushing nmethod 0x00000000040d37d0
Event: 7.563 Thread 0x000000001fb80800 flushing nmethod 0x000000000418fe50
Event: 7.563 Thread 0x000000001fb80800 flushing nmethod 0x000000000422b390
Event: 7.563 Thread 0x000000001fb80800 flushing nmethod 0x000000000423a0d0
Event: 7.566 Thread 0x000000001fb80800 flushing nmethod 0x00000000042b6a10
Event: 7.566 Thread 0x000000001fb80800 flushing nmethod 0x00000000042dc910
Event: 7.566 Thread 0x000000001fb80800 flushing nmethod 0x00000000042fbf50


Dynamic libraries:
0x00007ff6bb450000 - 0x00007ff6bb487000 	C:\Program Files\Java\jdk1.8.0_152\bin\java.exe
0x00007ffee44b0000 - 0x00007ffee46a6000 	C:\WINDOWS\SYSTEM32\ntdll.dll
0x00007ffee2710000 - 0x00007ffee27cd000 	C:\WINDOWS\System32\KERNEL32.DLL
0x00007ffee2130000 - 0x00007ffee23f9000 	C:\WINDOWS\System32\KERNELBASE.dll
0x00007ffee4320000 - 0x00007ffee43cc000 	C:\WINDOWS\System32\ADVAPI32.dll
0x00007ffee2bf0000 - 0x00007ffee2c8e000 	C:\WINDOWS\System32\msvcrt.dll
0x00007ffee2b50000 - 0x00007ffee2bec000 	C:\WINDOWS\System32\sechost.dll
0x00007ffee27e0000 - 0x00007ffee290b000 	C:\WINDOWS\System32\RPCRT4.dll
0x00007ffee2570000 - 0x00007ffee2710000 	C:\WINDOWS\System32\USER32.dll
0x00007ffee1bf0000 - 0x00007ffee1c12000 	C:\WINDOWS\System32\win32u.dll
0x00007ffee3e70000 - 0x00007ffee3e9a000 	C:\WINDOWS\System32\GDI32.dll
0x00007ffee1c20000 - 0x00007ffee1d2b000 	C:\WINDOWS\System32\gdi32full.dll
0x00007ffee2090000 - 0x00007ffee212d000 	C:\WINDOWS\System32\msvcp_win.dll
0x00007ffee1f90000 - 0x00007ffee2090000 	C:\WINDOWS\System32\ucrtbase.dll
0x00007ffec05a0000 - 0x00007ffec083b000 	C:\WINDOWS\WinSxS\amd64_microsoft.windows.common-controls_6595b64144ccf1df_6.0.19041.746_none_ca02b4b61b8320a4\COMCTL32.dll
0x00007ffee2a40000 - 0x00007ffee2a70000 	C:\WINDOWS\System32\IMM32.DLL
0x0000000059620000 - 0x00000000596f2000 	C:\Program Files\Java\jdk1.8.0_152\jre\bin\msvcr100.dll
0x0000000058d80000 - 0x0000000059620000 	C:\Program Files\Java\jdk1.8.0_152\jre\bin\server\jvm.dll
0x00007ffee4460000 - 0x00007ffee4468000 	C:\WINDOWS\System32\PSAPI.DLL
0x00007ffedcd50000 - 0x00007ffedcd59000 	C:\WINDOWS\SYSTEM32\WSOCK32.dll
0x00007ffee35d0000 - 0x00007ffee363b000 	C:\WINDOWS\System32\WS2_32.dll
0x00007ffed4e60000 - 0x00007ffed4e6a000 	C:\WINDOWS\SYSTEM32\VERSION.dll
0x00007ffed75c0000 - 0x00007ffed75e7000 	C:\WINDOWS\SYSTEM32\WINMM.dll
0x0000000058d70000 - 0x0000000058d7f000 	C:\Program Files\Java\jdk1.8.0_152\jre\bin\verify.dll
0x0000000058d40000 - 0x0000000058d69000 	C:\Program Files\Java\jdk1.8.0_152\jre\bin\java.dll
0x0000000058b90000 - 0x0000000058bc5000 	C:\Program Files\Java\jdk1.8.0_152\jre\bin\jdwp.dll
0x0000000058b80000 - 0x0000000058b88000 	C:\Program Files\Java\jdk1.8.0_152\jre\bin\npt.dll
0x0000000058b50000 - 0x0000000058b73000 	C:\Program Files\Java\jdk1.8.0_152\jre\bin\instrument.dll
0x0000000058d20000 - 0x0000000058d36000 	C:\Program Files\Java\jdk1.8.0_152\jre\bin\zip.dll
0x00007ffee36a0000 - 0x00007ffee3de3000 	C:\WINDOWS\System32\SHELL32.dll
0x00007ffedfd30000 - 0x00007ffee04bf000 	C:\WINDOWS\SYSTEM32\windows.storage.dll
0x00007ffee3070000 - 0x00007ffee33c6000 	C:\WINDOWS\System32\combase.dll
0x00007ffee1650000 - 0x00007ffee167c000 	C:\WINDOWS\SYSTEM32\Wldp.dll
0x00007ffee3520000 - 0x00007ffee35ce000 	C:\WINDOWS\System32\SHCORE.dll
0x00007ffee34c0000 - 0x00007ffee3515000 	C:\WINDOWS\System32\shlwapi.dll
0x00007ffee1b20000 - 0x00007ffee1b46000 	C:\WINDOWS\SYSTEM32\profapi.dll
0x0000000058b40000 - 0x0000000058b49000 	C:\Program Files\Java\jdk1.8.0_152\jre\bin\dt_socket.dll
0x00007ffee13d0000 - 0x00007ffee143a000 	C:\WINDOWS\system32\mswsock.dll
0x0000000058d00000 - 0x0000000058d1a000 	C:\Program Files\Java\jdk1.8.0_152\jre\bin\net.dll
0x00007ffee1070000 - 0x00007ffee10ab000 	C:\WINDOWS\SYSTEM32\IPHLPAPI.DLL
0x00007ffee4310000 - 0x00007ffee4318000 	C:\WINDOWS\System32\NSI.dll
0x00007ffed6fe0000 - 0x00007ffed6ff7000 	C:\WINDOWS\SYSTEM32\dhcpcsvc6.DLL
0x00007ffed71c0000 - 0x00007ffed71dd000 	C:\WINDOWS\SYSTEM32\dhcpcsvc.DLL
0x00007ffee1100000 - 0x00007ffee11cb000 	C:\WINDOWS\SYSTEM32\DNSAPI.dll
0x00007ffec3560000 - 0x00007ffec35ab000 	C:\Program Files (x86)\Sangfor\SSL\ClientComponent\SangforNspX64.dll
0x00007ffee2910000 - 0x00007ffee2a3a000 	C:\WINDOWS\System32\ole32.dll
0x00007ffee33d0000 - 0x00007ffee349d000 	C:\WINDOWS\System32\OLEAUT32.dll
0x00007ffed6fb0000 - 0x00007ffed6fba000 	C:\Windows\System32\rasadhlp.dll
0x00007ffed5330000 - 0x00007ffed53af000 	C:\WINDOWS\System32\fwpuclnt.dll
0x00007ffee2400000 - 0x00007ffee2427000 	C:\WINDOWS\System32\bcrypt.dll
0x0000000058b30000 - 0x0000000058b3d000 	C:\Program Files\Java\jdk1.8.0_152\jre\bin\management.dll
0x00007ffed8c10000 - 0x00007ffed8c27000 	C:\WINDOWS\system32\napinsp.dll
0x00007ffed8bd0000 - 0x00007ffed8beb000 	C:\WINDOWS\system32\pnrpnsp.dll
0x00007ffebe4a0000 - 0x00007ffebe4b5000 	C:\WINDOWS\system32\wshbth.dll
0x00007ffeddce0000 - 0x00007ffeddcfd000 	C:\WINDOWS\system32\NLAapi.dll
0x00007ffed6350000 - 0x00007ffed6362000 	C:\WINDOWS\System32\winrnr.dll
0x00007ffee15a0000 - 0x00007ffee15b8000 	C:\WINDOWS\SYSTEM32\CRYPTSP.dll
0x00007ffee0d00000 - 0x00007ffee0d34000 	C:\WINDOWS\system32\rsaenh.dll
0x00007ffee1aa0000 - 0x00007ffee1ace000 	C:\WINDOWS\SYSTEM32\USERENV.dll
0x00007ffee2430000 - 0x00007ffee24b0000 	C:\WINDOWS\System32\bcryptprimitives.dll
0x00007ffee15c0000 - 0x00007ffee15cc000 	C:\WINDOWS\SYSTEM32\CRYPTBASE.dll
0x0000000058ce0000 - 0x0000000058cf1000 	C:\Program Files\Java\jdk1.8.0_152\jre\bin\nio.dll

VM Arguments:
jvm_args: -agentlib:jdwp=transport=dt_socket,address=127.0.0.1:58040,suspend=y,server=n -javaagent:C:\Users\guming\AppData\Local\JetBrains\IdeaIC2021.2\captureAgent\debugger-agent.jar -Dfile.encoding=UTF-8 
java_command: com.example.demo.DemoApplication
java_class_path (initial): C:\Program Files\Java\jdk1.8.0_152\jre\lib\charsets.jar;C:\Program Files\Java\jdk1.8.0_152\jre\lib\deploy.jar;C:\Program Files\Java\jdk1.8.0_152\jre\lib\ext\access-bridge-64.jar;C:\Program Files\Java\jdk1.8.0_152\jre\lib\ext\cldrdata.jar;C:\Program Files\Java\jdk1.8.0_152\jre\lib\ext\dnsns.jar;C:\Program Files\Java\jdk1.8.0_152\jre\lib\ext\jaccess.jar;C:\Program Files\Java\jdk1.8.0_152\jre\lib\ext\jfxrt.jar;C:\Program Files\Java\jdk1.8.0_152\jre\lib\ext\localedata.jar;C:\Program Files\Java\jdk1.8.0_152\jre\lib\ext\nashorn.jar;C:\Program Files\Java\jdk1.8.0_152\jre\lib\ext\sunec.jar;C:\Program Files\Java\jdk1.8.0_152\jre\lib\ext\sunjce_provider.jar;C:\Program Files\Java\jdk1.8.0_152\jre\lib\ext\sunmscapi.jar;C:\Program Files\Java\jdk1.8.0_152\jre\lib\ext\sunpkcs11.jar;C:\Program Files\Java\jdk1.8.0_152\jre\lib\ext\zipfs.jar;C:\Program Files\Java\jdk1.8.0_152\jre\lib\javaws.jar;C:\Program Files\Java\jdk1.8.0_152\jre\lib\jce.jar;C:\Program Files\Java\jdk1.8.0_152\jre\lib\jfr.jar;C:\Program Files\Java\jdk1.8.0_152\jre\lib\jfxswt.jar;C:\Program Files\Java\jdk1.8.0_152\jre\lib\jsse.jar;C:\Program Files\Java\jdk1.8.0_152\jre\lib\management-agent.jar;C:\Program Files\Java\jdk1.8.0_152\jre\lib\plugin.jar;C:\Program Files\Java\jdk1.8.0_152\jre\lib\resources.jar;C:\Program Files\Java\jdk1.8.0_152\jre\lib\rt.jar;C:\Users\guming\IdeaProjects\springboottest\demo2\target\classes;D:\Users\guming\.m2\repository\com\xuxueli\xxl-job-core\2.1.0\xxl-job-core-2.1.0.jar;D:\Users\guming\.m2\repository\com\xuxueli\xxl-rpc-core\1.4.1\xxl-rpc-core-1.4.1.jar;D:\Users\guming\.m2\repository\io\netty\netty-all\4.1.48.Final\netty-all-4.1.48.Final.jar;D:\Users\guming\.m2\repository\com\caucho\hessian\4.0.60\hessian-4.0.60.jar;D:\Users\guming\.m2\repository\com\xuxueli\xxl-registry-client\1.0.2\xxl-registry-client-1.0.2.jar;D:\Users\guming\.m2\repository\org\codehaus\groovy\groovy\2.5.10\groovy-2.5.10.jar;D:\Users\guming\.m2\repository\org\apache\commons\commons-exec\1.3
Launcher Type: SUN_STANDARD

Environment Variables:
JAVA_HOME=C:\Program Files\Java\jdk1.8.0_152
CLASSPATH=.;C:\Program Files\Java\jdk1.8.0_152\lib\dt.jar;C:\Program Files\Java\jdk1.8.0_152\lib\tools.jar
PATH=C:\ProgramData\Oracle\Java\javapath;C:\WINDOWS\system32;C:\WINDOWS;C:\WINDOWS\System32\Wbem;C:\WINDOWS\System32\WindowsPowerShell\v1.0\;C:\WINDOWS\System32\OpenSSH\;D:\Git\cmd;D:\app\apache-maven-3.6.3-bin\apache-maven-3.6.3\bin;D:\;C:\Program Files (x86)\Tencent\微信web开发者工具\dll;C:\Program Files\nodejs\;C:\Program Files\Java\jdk1.8.0_152\bin;C:\Users\guming\AppData\Local\Microsoft\WindowsApps;C:\Users\guming\AppData\Roaming\npm
USERNAME=guming
OS=Windows_NT
PROCESSOR_IDENTIFIER=Intel64 Family 6 Model 140 Stepping 1, GenuineIntel



---------------  S Y S T E M  ---------------

OS: Windows 10.0 , 64 bit Build 19041 (10.0.19041.662)

CPU:total 8 (initial active 8) (4 cores per cpu, 2 threads per core) family 6 model 140 stepping 1, cmov, cx8, fxsr, mmx, sse, sse2, sse3, ssse3, sse4.1, sse4.2, popcnt, avx, avx2, aes, clmul, erms, 3dnowpref, lzcnt, ht, tsc, tscinvbit, bmi1, bmi2, adx

Memory: 4k page, physical 16555320k(1871020k free), swap 20749624k(5184k free)

vm_info: Java HotSpot(TM) 64-Bit Server VM (25.152-b16) for windows-amd64 JRE (1.8.0_152-b16), built on Sep 14 2017 02:29:36 by "java_re" with MS VC++ 10.0 (VS2010)

time: Sat Mar 18 18:29:00 2023
elapsed time: 7 seconds (0d 0h 0m 7s)

